# JRE version: OpenJDK Runtime Environment (8.0_152-b01) (build 1.8.0_152-release-1343-b01)
# Java VM: OpenJDK 64-Bit Server VM (25.152-b01 mixed mode windows-amd64 compressed oops)
Heap:
 PSYoungGen      total 197120K, used 62449K [0x00000000e0000000, 0x00000000ee580000, 0x0000000100000000)
  eden space 160256K, 37% used [0x00000000e0000000,0x00000000e3abbf98,0x00000000e9c80000)
  from space 36864K, 6% used [0x00000000ec180000,0x00000000ec3c0790,0x00000000ee580000)
  to   space 37376K, 0% used [0x00000000e9c80000,0x00000000e9c80000,0x00000000ec100000)
 ParOldGen       total 416256K, used 48739K [0x00000000a0000000, 0x00000000b9680000, 0x00000000e0000000)
  object space 416256K, 11% used [0x00000000a0000000,0x00000000a2f98de8,0x00000000b9680000)
 Metaspace       used 94498K, capacity 98722K, committed 99736K, reserved 1136640K
  class space    used 11783K, capacity 12543K, committed 12712K, reserved 1048576K
GC Heap History (10 events):
Event: 3918.326 GC heap before
{Heap before GC invocations=32 (full 4):
 PSYoungGen      total 171008K, used 133632K [0x00000000e0000000, 0x00000000ed200000, 0x0000000100000000)
  eden space 133632K, 100% used [0x00000000e0000000,0x00000000e8280000,0x00000000e8280000)
  from space 37376K, 0% used [0x00000000e8280000,0x00000000e8280000,0x00000000ea700000)
  to   space 36352K, 0% used [0x00000000eae80000,0x00000000eae80000,0x00000000ed200000)
 ParOldGen       total 416256K, used 48723K [0x00000000a0000000, 0x00000000b9680000, 0x00000000e0000000)
  object space 416256K, 11% used [0x00000000a0000000,0x00000000a2f94de8,0x00000000b9680000)
 Metaspace       used 94308K, capacity 98532K, committed 99480K, reserved 1136640K
  class space    used 11777K, capacity 12506K, committed 12712K, reserved 1048576K
Event: 3918.335 GC heap after
Heap after GC invocations=32 (full 4):
 PSYoungGen      total 178176K, used 9493K [0x00000000e0000000, 0x00000000ed400000, 0x0000000100000000)
  eden space 141824K, 0% used [0x00000000e0000000,0x00000000e0000000,0x00000000e8a80000)
  from space 36352K, 26% used [0x00000000eae80000,0x00000000eb7c54a0,0x00000000ed200000)
  to   space 36864K, 0% used [0x00000000e8a80000,0x00000000e8a80000,0x00000000eae80000)
 ParOldGen       total 416256K, used 48731K [0x00000000a0000000, 0x00000000b9680000, 0x00000000e0000000)
  object space 416256K, 11% used [0x00000000a0000000,0x00000000a2f96de8,0x00000000b9680000)
 Metaspace       used 94308K, capacity 98532K, committed 99480K, reserved 1136640K
  class space    used 11777K, capacity 12506K, committed 12712K, reserved 1048576K
}
Event: 3919.041 GC heap before
{Heap before GC invocations=33 (full 4):
 PSYoungGen      total 178176K, used 151317K [0x00000000e0000000, 0x00000000ed400000, 0x0000000100000000)
  eden space 141824K, 100% used [0x00000000e0000000,0x00000000e8a80000,0x00000000e8a80000)
  from space 36352K, 26% used [0x00000000eae80000,0x00000000eb7c54a0,0x00000000ed200000)
  to   space 36864K, 0% used [0x00000000e8a80000,0x00000000e8a80000,0x00000000eae80000)
 ParOldGen       total 416256K, used 48731K [0x00000000a0000000, 0x00000000b9680000, 0x00000000e0000000)
  object space 416256K, 11% used [0x00000000a0000000,0x00000000a2f96de8,0x00000000b9680000)
 Metaspace       used 94344K, capacity 98602K, committed 99480K, reserved 1136640K
  class space    used 11778K, capacity 12507K, committed 12712K, reserved 1048576K
Event: 3919.048 GC heap after
Heap after GC invocations=33 (full 4):
 PSYoungGen      total 178688K, used 8903K [0x00000000e0000000, 0x00000000edd80000, 0x0000000100000000)
  eden space 141824K, 0% used [0x00000000e0000000,0x00000000e0000000,0x00000000e8a80000)
  from space 36864K, 24% used [0x00000000e8a80000,0x00000000e9331e00,0x00000000eae80000)
  to   space 37376K, 0% used [0x00000000eb900000,0x00000000eb900000,0x00000000edd80000)
 ParOldGen       total 416256K, used 48731K [0x00000000a0000000, 0x00000000b9680000, 0x00000000e0000000)
  object space 416256K, 11% used [0x00000000a0000000,0x00000000a2f96de8,0x00000000b9680000)
 Metaspace       used 94344K, capacity 98602K, committed 99480K, reserved 1136640K
  class space    used 11778K, capacity 12507K, committed 12712K, reserved 1048576K
}
Event: 3919.690 GC heap before
{Heap before GC invocations=34 (full 4):
 PSYoungGen      total 178688K, used 150727K [0x00000000e0000000, 0x00000000edd80000, 0x0000000100000000)
  eden space 141824K, 100% used [0x00000000e0000000,0x00000000e8a80000,0x00000000e8a80000)
  from space 36864K, 24% used [0x00000000e8a80000,0x00000000e9331e00,0x00000000eae80000)
  to   space 37376K, 0% used [0x00000000eb900000,0x00000000eb900000,0x00000000edd80000)
 ParOldGen       total 416256K, used 48731K [0x00000000a0000000, 0x00000000b9680000, 0x00000000e0000000)
  object space 416256K, 11% used [0x00000000a0000000,0x00000000a2f96de8,0x00000000b9680000)
 Metaspace       used 94372K, capacity 98614K, committed 99480K, reserved 1136640K
  class space    used 11781K, capacity 12511K, committed 12712K, reserved 1048576K
Event: 3919.695 GC heap after
Heap after GC invocations=34 (full 4):
 PSYoungGen      total 188416K, used 7780K [0x00000000e0000000, 0x00000000edd00000, 0x0000000100000000)
  eden space 151552K, 0% used [0x00000000e0000000,0x00000000e0000000,0x00000000e9400000)
  from space 36864K, 21% used [0x00000000eb900000,0x00000000ec099290,0x00000000edd00000)
  to   space 37376K, 0% used [0x00000000e9400000,0x00000000e9400000,0x00000000eb880000)
 ParOldGen       total 416256K, used 48731K [0x00000000a0000000, 0x00000000b9680000, 0x00000000e0000000)
  object space 416256K, 11% used [0x00000000a0000000,0x00000000a2f96de8,0x00000000b9680000)
 Metaspace       used 94372K, capacity 98614K, committed 99480K, reserved 1136640K
  class space    used 11781K, capacity 12511K, committed 12712K, reserved 1048576K
}
Event: 3920.397 GC heap before
{Heap before GC invocations=35 (full 4):
 PSYoungGen      total 188416K, used 159332K [0x00000000e0000000, 0x00000000edd00000, 0x0000000100000000)
  eden space 151552K, 100% used [0x00000000e0000000,0x00000000e9400000,0x00000000e9400000)
  from space 36864K, 21% used [0x00000000eb900000,0x00000000ec099290,0x00000000edd00000)
  to   space 37376K, 0% used [0x00000000e9400000,0x00000000e9400000,0x00000000eb880000)
 ParOldGen       total 416256K, used 48731K [0x00000000a0000000, 0x00000000b9680000, 0x00000000e0000000)
  object space 416256K, 11% used [0x00000000a0000000,0x00000000a2f96de8,0x00000000b9680000)
 Metaspace       used 94405K, capacity 98614K, committed 99480K, reserved 1136640K
  class space    used 11781K, capacity 12511K, committed 12712K, reserved 1048576K
Event: 3920.403 GC heap after
Heap after GC invocations=35 (full 4):
 PSYoungGen      total 188928K, used 8312K [0x00000000e0000000, 0x00000000ee580000, 0x0000000100000000)
  eden space 151552K, 0% used [0x00000000e0000000,0x00000000e0000000,0x00000000e9400000)
  from space 37376K, 22% used [0x00000000e9400000,0x00000000e9c1e000,0x00000000eb880000)
  to   space 36864K, 0% used [0x00000000ec180000,0x00000000ec180000,0x00000000ee580000)
 ParOldGen       total 416256K, used 48731K [0x00000000a0000000, 0x00000000b9680000, 0x00000000e0000000)
  object space 416256K, 11% used [0x00000000a0000000,0x00000000a2f96de8,0x00000000b9680000)
 Metaspace       used 94405K, capacity 98614K, committed 99480K, reserved 1136640K
  class space    used 11781K, capacity 12511K, committed 12712K, reserved 1048576K
}
Event: 3921.333 GC heap before
{Heap before GC invocations=36 (full 4):
 PSYoungGen      total 188928K, used 159864K [0x00000000e0000000, 0x00000000ee580000, 0x0000000100000000)
  eden space 151552K, 100% used [0x00000000e0000000,0x00000000e9400000,0x00000000e9400000)
  from space 37376K, 22% used [0x00000000e9400000,0x00000000e9c1e000,0x00000000eb880000)
  to   space 36864K, 0% used [0x00000000ec180000,0x00000000ec180000,0x00000000ee580000)
 ParOldGen       total 416256K, used 48731K [0x00000000a0000000, 0x00000000b9680000, 0x00000000e0000000)
  object space 416256K, 11% used [0x00000000a0000000,0x00000000a2f96de8,0x00000000b9680000)
 Metaspace       used 94488K, capacity 98718K, committed 99736K, reserved 1136640K
  class space    used 11783K, capacity 12543K, committed 12712K, reserved 1048576K
Event: 3921.337 GC heap after
Heap after GC invocations=36 (full 4):
 PSYoungGen      total 197120K, used 2305K [0x00000000e0000000, 0x00000000ee580000, 0x0000000100000000)
  eden space 160256K, 0% used [0x00000000e0000000,0x00000000e0000000,0x00000000e9c80000)
  from space 36864K, 6% used [0x00000000ec180000,0x00000000ec3c0790,0x00000000ee580000)
  to   space 37376K, 0% used [0x00000000e9c80000,0x00000000e9c80000,0x00000000ec100000)
 ParOldGen       total 416256K, used 48739K [0x00000000a0000000, 0x00000000b9680000, 0x00000000e0000000)
  object space 416256K, 11% used [0x00000000a0000000,0x00000000a2f98de8,0x00000000b9680000)
 Metaspace       used 94488K, capacity 98718K, committed 99736K, reserved 1136640K
  class space    used 11783K, capacity 12543K, committed 12712K, reserved 1048576K
}

